<?xml version="1.0" encoding="UTF-8"?>
<!-- Generated by org.testng.reporters.JUnitReportReporter -->
<testsuite hostname="WKWZT9RwZdhxh2P" failures="0" tests="3" name="AllClasses.MyFirstTestNGTest" time="0.011" errors="0" timestamp="2022-11-22T21:13:25 IST" skipped="0">
  <testcase classname="AllClasses.MyFirstTestNGTest" name="test1" time="0.000"/>
  <system-out/>
  <testcase classname="AllClasses.MyFirstTestNGTest" name="test3" time="0.003"/>
  <system-out/>
  <testcase classname="AllClasses.MyFirstTestNGTest" name="test2" time="0.008"/>
  <system-out/>
</testsuite> <!-- AllClasses.MyFirstTestNGTest -->
