<?xml version="1.0" encoding="UTF-8"?>
<!-- Generated by org.testng.reporters.JUnitReportReporter -->
<testsuite hostname="WKWZT9RwZdhxh2P" failures="0" tests="1" name="AllClasses.MyFirstSeleniumScript7" time="8.098" errors="0" timestamp="2022-11-22T21:13:25 IST" skipped="0">
  <testcase classname="AllClasses.MyFirstSeleniumScript7" name="Slenium7" time="8.098"/>
  <system-out/>
</testsuite> <!-- AllClasses.MyFirstSeleniumScript7 -->
