<?xml version="1.0" encoding="UTF-8"?>
<!-- Generated by org.testng.reporters.JUnitReportReporter -->
<testsuite hostname="WKWZT9RwZdhxh2P" failures="0" tests="1" name="day3.LoginTest" time="4.760" errors="0" timestamp="2022-11-22T15:56:06 IST" skipped="0">
  <testcase classname="day3.LoginTest" name="validusernameinvalidPassword" time="4.760"/>
  <system-out/>
</testsuite> <!-- day3.LoginTest -->
