<?xml version="1.0" encoding="UTF-8"?>
<!-- Generated by org.testng.reporters.JUnitReportReporter -->
<testsuite hostname="WKWZT9RwZdhxh2P" failures="0" tests="1" name="day5.UploadFile" time="10.265" errors="0" timestamp="2022-11-24T16:04:45 IST" skipped="0">
  <testcase classname="day5.UploadFile" name="test" time="10.265"/>
  <system-out/>
</testsuite> <!-- day5.UploadFile -->
