<?xml version="1.0" encoding="UTF-8"?>
<!-- Generated by org.testng.reporters.JUnitReportReporter -->
<testsuite hostname="WKWZT9RwZdhxh2P" failures="0" tests="1" name="AllClasses.HandleMultipleWindow2" time="20.502" errors="0" timestamp="2022-11-22T21:13:25 IST" skipped="0">
  <testcase classname="AllClasses.HandleMultipleWindow2" name="Handle" time="20.502"/>
  <system-out/>
</testsuite> <!-- AllClasses.HandleMultipleWindow2 -->
