<?xml version="1.0" encoding="UTF-8"?>
<!-- Generated by org.testng.reporters.JUnitReportReporter -->
<testsuite hostname="WKWZT9RwZdhxh2P" failures="0" tests="5" name="day5.BrowserStackDevice" time="102.569" errors="0" timestamp="2022-11-24T12:09:06 IST" skipped="0">
  <testcase classname="day5.BrowserStackDevice" name="testingOnWindows" time="14.247"/>
  <system-out/>
  <testcase classname="day5.BrowserStackDevice" name="testingOnWindows" time="26.087"/>
  <system-out/>
  <testcase classname="day5.BrowserStackDevice" name="testingOnWindows" time="39.547"/>
  <system-out/>
  <testcase classname="day5.BrowserStackDevice" name="testingOnWindows" time="10.932"/>
  <system-out/>
  <testcase classname="day5.BrowserStackDevice" name="testingOnWindows" time="11.756"/>
  <system-out/>
</testsuite> <!-- day5.BrowserStackDevice -->
