<?xml version="1.0" encoding="UTF-8"?>
<!-- Generated by org.testng.reporters.JUnitReportReporter -->
<testsuite hostname="WKWZT9RwZdhxh2P" failures="0" tests="1" name="day5.FileDownloader" time="5.788" errors="0" timestamp="2022-11-24T14:25:22 IST" skipped="0">
  <testcase classname="day5.FileDownloader" name="File" time="5.788"/>
  <system-out/>
</testsuite> <!-- day5.FileDownloader -->
