<?xml version="1.0" encoding="UTF-8"?>
<!-- Generated by org.testng.reporters.JUnitReportReporter -->
<testsuite hostname="WKWZT9RwZdhxh2P" failures="0" tests="4" name="AllClasses.LoginTest" time="36.853" errors="0" timestamp="2022-11-22T21:13:25 IST" skipped="0">
  <testcase classname="AllClasses.LoginTest" name="validusernameinvalidPassword" time="9.941"/>
  <system-out/>
  <testcase classname="AllClasses.LoginTest" name="noUsernameandPassword" time="5.873"/>
  <system-out/>
  <testcase classname="AllClasses.LoginTest" name="invalidUsernameandPassword" time="6.910"/>
  <system-out/>
  <testcase classname="AllClasses.LoginTest" name="validUsernameandPassword" time="14.129"/>
  <system-out/>
</testsuite> <!-- AllClasses.LoginTest -->
