<?xml version="1.0" encoding="UTF-8"?>
<!-- Generated by org.testng.reporters.JUnitReportReporter -->
<testsuite hostname="WKWZT9RwZdhxh2P" failures="0" tests="1" name="AllClasses.HandleFrames" time="4.063" errors="0" timestamp="2022-11-22T21:13:25 IST" skipped="0">
  <testcase classname="AllClasses.HandleFrames" name="Handleframes" time="4.063"/>
  <system-out/>
</testsuite> <!-- AllClasses.HandleFrames -->
