<?xml version="1.0" encoding="UTF-8"?>
<!-- Generated by org.testng.reporters.JUnitReportReporter -->
<testsuite hostname="WKWZT9RwZdhxh2P" failures="0" tests="1" name="AllClasses.MyFirstSelenium_Script" time="4.420" errors="0" timestamp="2022-11-22T21:13:25 IST" skipped="0">
  <testcase classname="AllClasses.MyFirstSelenium_Script" name="Selenium" time="4.420"/>
  <system-out/>
</testsuite> <!-- AllClasses.MyFirstSelenium_Script -->
