<?xml version="1.0" encoding="UTF-8"?>
<!-- Generated by org.testng.reporters.JUnitReportReporter -->
<testsuite hostname="WKWZT9RwZdhxh2P" failures="0" tests="1" name="day4.ReadingExcel" time="0.367" errors="0" timestamp="2022-11-23T11:52:28 IST" skipped="0">
  <testcase classname="day4.ReadingExcel" name="testData" time="0.367"/>
  <system-out/>
</testsuite> <!-- day4.ReadingExcel -->
